# JRE version: Java(TM) SE Runtime Environment (8.0_111-b14) (build 1.8.0_111-b14)
# Java VM: Java HotSpot(TM) 64-Bit Server VM (25.111-b14 mixed mode windows-amd64 compressed oops)
Heap:
 PSYoungGen      total 32256K, used 32000K [0x00000000d5e00000, 0x00000000d7e80000, 0x0000000100000000)
  eden space 31744K, 100% used [0x00000000d5e00000,0x00000000d7d00000,0x00000000d7d00000)
  from space 512K, 50% used [0x00000000d7d80000,0x00000000d7dc0010,0x00000000d7e00000)
  to   space 512K, 93% used [0x00000000d7e00000,0x00000000d7e78030,0x00000000d7e80000)
 ParOldGen       total 87040K, used 12395K [0x0000000081a00000, 0x0000000086f00000, 0x00000000d5e00000)
  object space 87040K, 14% used [0x0000000081a00000,0x000000008261ac10,0x0000000086f00000)
 Metaspace       used 40189K, capacity 41896K, committed 42280K, reserved 1087488K
  class space    used 4489K, capacity 4818K, committed 4912K, reserved 1048576K
GC Heap History (10 events):
Event: 6148.747 GC heap after
Heap after GC invocations=126 (full 3):
 PSYoungGen      total 32256K, used 272K [0x00000000d5e00000, 0x00000000d7e80000, 0x0000000100000000)
  eden space 31744K, 0% used [0x00000000d5e00000,0x00000000d5e00000,0x00000000d7d00000)
  from space 512K, 53% used [0x00000000d7d80000,0x00000000d7dc4020,0x00000000d7e00000)
  to   space 512K, 0% used [0x00000000d7e00000,0x00000000d7e00000,0x00000000d7e80000)
 ParOldGen       total 87040K, used 12138K [0x0000000081a00000, 0x0000000086f00000, 0x00000000d5e00000)
  object space 87040K, 13% used [0x0000000081a00000,0x00000000825dabf0,0x0000000086f00000)
 Metaspace       used 40184K, capacity 41896K, committed 42280K, reserved 1087488K
  class space    used 4489K, capacity 4818K, committed 4912K, reserved 1048576K
}
Event: 6214.091 GC heap before
{Heap before GC invocations=127 (full 3):
 PSYoungGen      total 32256K, used 31993K [0x00000000d5e00000, 0x00000000d7e80000, 0x0000000100000000)
  eden space 31744K, 99% used [0x00000000d5e00000,0x00000000d7cfa698,0x00000000d7d00000)
  from space 512K, 53% used [0x00000000d7d80000,0x00000000d7dc4020,0x00000000d7e00000)
  to   space 512K, 0% used [0x00000000d7e00000,0x00000000d7e00000,0x00000000d7e80000)
 ParOldGen       total 87040K, used 12138K [0x0000000081a00000, 0x0000000086f00000, 0x00000000d5e00000)
  object space 87040K, 13% used [0x0000000081a00000,0x00000000825dabf0,0x0000000086f00000)
 Metaspace       used 40184K, capacity 41896K, committed 42280K, reserved 1087488K
  class space    used 4489K, capacity 4818K, committed 4912K, reserved 1048576K
Event: 6214.093 GC heap after
Heap after GC invocations=127 (full 3):
 PSYoungGen      total 32256K, used 192K [0x00000000d5e00000, 0x00000000d7e80000, 0x0000000100000000)
  eden space 31744K, 0% used [0x00000000d5e00000,0x00000000d5e00000,0x00000000d7d00000)
  from space 512K, 37% used [0x00000000d7e00000,0x00000000d7e30010,0x00000000d7e80000)
  to   space 512K, 0% used [0x00000000d7d80000,0x00000000d7d80000,0x00000000d7e00000)
 ParOldGen       total 87040K, used 12146K [0x0000000081a00000, 0x0000000086f00000, 0x00000000d5e00000)
  object space 87040K, 13% used [0x0000000081a00000,0x00000000825dcbf0,0x0000000086f00000)
 Metaspace       used 40184K, capacity 41896K, committed 42280K, reserved 1087488K
  class space    used 4489K, capacity 4818K, committed 4912K, reserved 1048576K
}
Event: 6284.478 GC heap before
{Heap before GC invocations=128 (full 3):
 PSYoungGen      total 32256K, used 31936K [0x00000000d5e00000, 0x00000000d7e80000, 0x0000000100000000)
  eden space 31744K, 100% used [0x00000000d5e00000,0x00000000d7d00000,0x00000000d7d00000)
  from space 512K, 37% used [0x00000000d7e00000,0x00000000d7e30010,0x00000000d7e80000)
  to   space 512K, 0% used [0x00000000d7d80000,0x00000000d7d80000,0x00000000d7e00000)
 ParOldGen       total 87040K, used 12146K [0x0000000081a00000, 0x0000000086f00000, 0x00000000d5e00000)
  object space 87040K, 13% used [0x0000000081a00000,0x00000000825dcbf0,0x0000000086f00000)
 Metaspace       used 40184K, capacity 41896K, committed 42280K, reserved 1087488K
  class space    used 4489K, capacity 4818K, committed 4912K, reserved 1048576K
Event: 6284.482 GC heap after
Heap after GC invocations=128 (full 3):
 PSYoungGen      total 32256K, used 160K [0x00000000d5e00000, 0x00000000d7e80000, 0x0000000100000000)
  eden space 31744K, 0% used [0x00000000d5e00000,0x00000000d5e00000,0x00000000d7d00000)
  from space 512K, 31% used [0x00000000d7d80000,0x00000000d7da8010,0x00000000d7e00000)
  to   space 512K, 0% used [0x00000000d7e00000,0x00000000d7e00000,0x00000000d7e80000)
 ParOldGen       total 87040K, used 12146K [0x0000000081a00000, 0x0000000086f00000, 0x00000000d5e00000)
  object space 87040K, 13% used [0x0000000081a00000,0x00000000825dcbf0,0x0000000086f00000)
 Metaspace       used 40184K, capacity 41896K, committed 42280K, reserved 1087488K
  class space    used 4489K, capacity 4818K, committed 4912K, reserved 1048576K
}
Event: 6359.866 GC heap before
{Heap before GC invocations=129 (full 3):
 PSYoungGen      total 32256K, used 31904K [0x00000000d5e00000, 0x00000000d7e80000, 0x0000000100000000)
  eden space 31744K, 100% used [0x00000000d5e00000,0x00000000d7d00000,0x00000000d7d00000)
  from space 512K, 31% used [0x00000000d7d80000,0x00000000d7da8010,0x00000000d7e00000)
  to   space 512K, 0% used [0x00000000d7e00000,0x00000000d7e00000,0x00000000d7e80000)
 ParOldGen       total 87040K, used 12146K [0x0000000081a00000, 0x0000000086f00000, 0x00000000d5e00000)
  object space 87040K, 13% used [0x0000000081a00000,0x00000000825dcbf0,0x0000000086f00000)
 Metaspace       used 40184K, capacity 41896K, committed 42280K, reserved 1087488K
  class space    used 4489K, capacity 4818K, committed 4912K, reserved 1048576K
Event: 6359.869 GC heap after
Heap after GC invocations=129 (full 3):
 PSYoungGen      total 32256K, used 192K [0x00000000d5e00000, 0x00000000d7e80000, 0x0000000100000000)
  eden space 31744K, 0% used [0x00000000d5e00000,0x00000000d5e00000,0x00000000d7d00000)
  from space 512K, 37% used [0x00000000d7e00000,0x00000000d7e30010,0x00000000d7e80000)
  to   space 512K, 0% used [0x00000000d7d80000,0x00000000d7d80000,0x00000000d7e00000)
 ParOldGen       total 87040K, used 12146K [0x0000000081a00000, 0x0000000086f00000, 0x00000000d5e00000)
  object space 87040K, 13% used [0x0000000081a00000,0x00000000825dcbf0,0x0000000086f00000)
 Metaspace       used 40184K, capacity 41896K, committed 42280K, reserved 1087488K
  class space    used 4489K, capacity 4818K, committed 4912K, reserved 1048576K
}
Event: 6430.231 GC heap before
{Heap before GC invocations=130 (full 3):
 PSYoungGen      total 32256K, used 31936K [0x00000000d5e00000, 0x00000000d7e80000, 0x0000000100000000)
  eden space 31744K, 100% used [0x00000000d5e00000,0x00000000d7d00000,0x00000000d7d00000)
  from space 512K, 37% used [0x00000000d7e00000,0x00000000d7e30010,0x00000000d7e80000)
  to   space 512K, 0% used [0x00000000d7d80000,0x00000000d7d80000,0x00000000d7e00000)
 ParOldGen       total 87040K, used 12146K [0x0000000081a00000, 0x0000000086f00000, 0x00000000d5e00000)
  object space 87040K, 13% used [0x0000000081a00000,0x00000000825dcbf0,0x0000000086f00000)
 Metaspace       used 40189K, capacity 41896K, committed 42280K, reserved 1087488K
  class space    used 4489K, capacity 4818K, committed 4912K, reserved 1048576K
Event: 6430.234 GC heap after
Heap after GC invocations=130 (full 3):
 PSYoungGen      total 32256K, used 256K [0x00000000d5e00000, 0x00000000d7e80000, 0x0000000100000000)
  eden space 31744K, 0% used [0x00000000d5e00000,0x00000000d5e00000,0x00000000d7d00000)
  from space 512K, 50% used [0x00000000d7d80000,0x00000000d7dc0010,0x00000000d7e00000)
  to   space 512K, 0% used [0x00000000d7e00000,0x00000000d7e00000,0x00000000d7e80000)
 ParOldGen       total 87040K, used 12154K [0x0000000081a00000, 0x0000000086f00000, 0x00000000d5e00000)
  object space 87040K, 13% used [0x0000000081a00000,0x00000000825debf0,0x0000000086f00000)
 Metaspace       used 40189K, capacity 41896K, committed 42280K, reserved 1087488K
  class space    used 4489K, capacity 4818K, committed 4912K, reserved 1048576K
}
Event: 18327.964 GC heap before
{Heap before GC invocations=131 (full 3):
 PSYoungGen      total 32256K, used 32000K [0x00000000d5e00000, 0x00000000d7e80000, 0x0000000100000000)
  eden space 31744K, 100% used [0x00000000d5e00000,0x00000000d7d00000,0x00000000d7d00000)
  from space 512K, 50% used [0x00000000d7d80000,0x00000000d7dc0010,0x00000000d7e00000)
  to   space 512K, 0% used [0x00000000d7e00000,0x00000000d7e00000,0x00000000d7e80000)
 ParOldGen       total 87040K, used 12154K [0x0000000081a00000, 0x0000000086f00000, 0x00000000d5e00000)
  object space 87040K, 13% used [0x0000000081a00000,0x00000000825debf0,0x0000000086f00000)
 Metaspace       used 40189K, capacity 41896K, committed 42280K, reserved 1087488K
  class space    used 4489K, capacity 4818K, committed 4912K, reserved 1048576K

